Arguments: 
  /home/ker/.nvm/versions/node/v10.16.2/bin/node /usr/local/bin/yarn build

PATH: 
  /home/ker/.nvm/versions/node/v10.16.2/bin:/home/ker/bin:/home/ker/.local/bin:/opt/intellij/idea-IU-191.7479.19/bin/bin:/usr/local/sbin:/usr/local/bin:/usr/sbin:/usr/bin:/sbin:/bin:/usr/games:/usr/local/games:/opt/maven/bin:/snap/bin:/home/ker/jpm/bin:/home/ker/Android/Sdk/emulator:/home/ker/Android/Sdk/tools:/home/ker/Android/Sdk/tools/bin:/home/ker/Android/Sdk/platform-tools:/home/ker/jpm/bin:/home/ker/Android/Sdk/emulator:/home/ker/Android/Sdk/tools:/home/ker/Android/Sdk/tools/bin:/home/ker/Android/Sdk/platform-tools:/home/ker/jpm/bin

Yarn version: 
  1.5.1

Node version: 
  10.16.2

Platform: 
  linux x64

npm manifest: 
  {
    "name": "advent-of-code-2019",
    "version": "1.0.0",
    "main": "index.js",
    "author": "ker",
    "license": "MIT",
    "devDependencies": {
      "typescript": "^3.7.2"
    },
    "scripts": {
      "build": "tsc",
      "start": "node ./index.js"
    },
    "dependencies": {
      "@types/node": "^12.12.14"
    }
  }

yarn manifest: 
  No manifest

Lockfile: 
  # THIS IS AN AUTOGENERATED FILE. DO NOT EDIT THIS FILE DIRECTLY.
  # yarn lockfile v1
  
  
  "@types/node@^12.12.14":
    version "12.12.14"
    resolved "https://registry.yarnpkg.com/@types/node/-/node-12.12.14.tgz#1c1d6e3c75dba466e0326948d56e8bd72a1903d2"
    integrity sha512-u/SJDyXwuihpwjXy7hOOghagLEV1KdAST6syfnOk6QZAMzZuWZqXy5aYYZbh8Jdpd4escVFP0MvftHNDb9pruA==
  
  typescript@^3.7.2:
    version "3.7.2"
    resolved "https://registry.yarnpkg.com/typescript/-/typescript-3.7.2.tgz#27e489b95fa5909445e9fef5ee48d81697ad18fb"
    integrity sha512-ml7V7JfiN2Xwvcer+XAf2csGO1bPBdRbFCkYBczNZggrBZ9c7G3riSUeJmqEU5uOtXNPMhE3n+R4FA/3YOAWOQ==

Trace: 
  Error: Command failed.
  Exit code: 2
  Command: sh
  Arguments: -c tsc
  Directory: /home/ker/Development/adventofcode/2019
  Output:
  
      at ProcessTermError.MessageError (/home/ker/.config/yarn/global/node_modules/yarn/lib/cli.js:186:110)
      at new ProcessTermError (/home/ker/.config/yarn/global/node_modules/yarn/lib/cli.js:226:113)
      at ChildProcess.<anonymous> (/home/ker/.config/yarn/global/node_modules/yarn/lib/cli.js:30281:17)
      at ChildProcess.emit (events.js:198:13)
      at maybeClose (internal/child_process.js:982:16)
      at Process.ChildProcess._handle.onexit (internal/child_process.js:259:5)
